{"/Users/kaushal/Downloads/image-compression/test/test.js":{"path":"/Users/kaushal/Downloads/image-compression/test/test.js","s":{"1":1,"2":1,"3":1,"4":1,"5":1,"6":1,"7":1,"8":1,"9":0,"10":0,"11":0,"12":0,"13":0,"14":0,"15":0,"16":0,"17":0,"18":0,"19":0,"20":0,"21":0,"22":0,"23":0,"24":0,"25":0},"b":{},"f":{"1":0},"fnMap":{"1":{"name":"(anonymous_1)","line":11,"loc":{"start":{"line":11,"column":40},"end":{"line":11,"column":51}}}},"statementMap":{"1":{"start":{"line":2,"column":0},"end":{"line":2,"column":29}},"2":{"start":{"line":3,"column":0},"end":{"line":3,"column":28}},"3":{"start":{"line":4,"column":0},"end":{"line":4,"column":43}},"4":{"start":{"line":5,"column":0},"end":{"line":5,"column":41}},"5":{"start":{"line":6,"column":0},"end":{"line":6,"column":70}},"6":{"start":{"line":7,"column":0},"end":{"line":7,"column":68}},"7":{"start":{"line":8,"column":0},"end":{"line":8,"column":46}},"8":{"start":{"line":10,"column":0},"end":{"line":57,"column":3}},"9":{"start":{"line":11,"column":4},"end":{"line":18,"column":7}},"10":{"start":{"line":12,"column":8},"end":{"line":17,"column":15}},"11":{"start":{"line":16,"column":16},"end":{"line":16,"column":60}},"12":{"start":{"line":20,"column":4},"end":{"line":32,"column":7}},"13":{"start":{"line":21,"column":8},"end":{"line":31,"column":15}},"14":{"start":{"line":30,"column":16},"end":{"line":30,"column":57}},"15":{"start":{"line":33,"column":4},"end":{"line":39,"column":6}},"16":{"start":{"line":34,"column":8},"end":{"line":38,"column":11}},"17":{"start":{"line":35,"column":12},"end":{"line":35,"column":44}},"18":{"start":{"line":37,"column":12},"end":{"line":37,"column":34}},"19":{"start":{"line":40,"column":4},"end":{"line":51,"column":7}},"20":{"start":{"line":41,"column":8},"end":{"line":49,"column":10}},"21":{"start":{"line":46,"column":12},"end":{"line":46,"column":56}},"22":{"start":{"line":48,"column":12},"end":{"line":48,"column":57}},"23":{"start":{"line":52,"column":4},"end":{"line":56,"column":7}},"24":{"start":{"line":53,"column":8},"end":{"line":55,"column":10}},"25":{"start":{"line":54,"column":12},"end":{"line":54,"column":42}}},"branchMap":{}}}